2020-11-15 23:32:25,512 INFO: QVFEMG14ZTJoNGpjYjN6UHd4bW1fLXVScTQwZ3R3MW9PSVQ0bTh0anA1c3BWbW5pakI1MEpIWjZWLTNCU3BLNkpzQzl3eTF4blYzLUZSNjJhQldkYjZPSg==
2020-11-15 23:32:31,462 INFO: QVFCZE9BWllMbXhkaEw5OUJQeXNNdUNYQXNOcnIwTlB4cGN6VmhOaXBXXzhkUWtEd2xGRU1HdzFYamlzTjRoczhSMlRxM3JJWGRTanhsVGVXUWZaLWZHaw==
2020-11-15 23:32:38,846 INFO: QVFCWUtVdlV3R1pzMHRBdV9uZHQ1WTFZVGt2MXhva3BhSXB0eFBCQ1VTb0JfVm5MSlc4VlFmOW9zaU9VTmtiSUJmOVZWcjFidElydlNyYm9UVngyQkhPLQ==
2020-11-15 23:32:45,298 INFO: QVFEQ01DYUZVd19WTXM2UU5PYTJnVndfSnJaYVE3NFRlVG52bU9fdjVQUTdQNXlxRW5Ccm51Zk9td0JpRHdpZk1Bb0lVdWl2czcxY2RMaFJVS1llVUQ1dQ==
2020-11-15 23:32:50,829 INFO: QVFDd2dydDY5SnRfa0kwSW9pNUdPa1NuSGcxSXhsWTRmeERFQUNMUW5rZmtrQ00zS2hZT3RmcUx3cUlhWThveGFkZGwtdzdJYnZ2Vnh4X3dBOHl6c05JVw==
2020-11-15 23:32:56,438 INFO: QVFDRUk3Q0lTMkZMc1NiZzhRT1EyRURQRnY2ZUNUTThjOWNBaXVEUXI4QnN5bE15MV9QVWNaSnV1RHd1TGEwb1VQVDNGbEFaMnFUeERiY25QZXFkWWt0MA==
2020-11-15 23:33:02,213 INFO: QVFCUHRWamxQR0I1Y2hEei1JSi1BR2t2SG5aVXRoQnJBdFNpMmxHVlZXUlgzd2E4dVVPejV1enM3a3BNTVhDV0hyTTFDRVp6ZU5uODBCa2dfcmJhVnA0ZQ==
2020-11-15 23:33:07,240 INFO: QVFBNjJfSHpVYUk3dW45UzcxRVF3U1B0TjdDT2YyVjI1S0VwOThXZ1VYTV8wZGxMUVdJX0Q2YWdDRkxPdUxLdlh1TEU1cTFDUFRGVnFRaUhSV2wtXzl5LQ==
2020-11-15 23:33:13,042 INFO: QVFDWDI4S1dDZmNGeVphYjlHbDZjVnZTM01WSFYyZGk4cUVnTEw2SEVoTVl1Q0REdWY0R2tScmpGY1QxSmZPVzljTDNPNC10TFJ4Qnh1bGs4NFQzeE1xNQ==
2020-11-15 23:33:18,300 INFO: QVFCaTlDdjVnZ1NiVmRyclRwZ19HVERvZmdCcVJZNTQ3UnIyS0UzbDY0UjlpNzRkSU9JOFc3bHVJQV9ySS04LXBaVHNHLWVMSTYtdHR5M3lxeGNKLXlfeQ==
2020-11-15 23:33:23,741 INFO: QVFBRUpJcDNNUmpyQjVGYmJERWwxUFhLY29VRTVjVTJaVmdPX1NtNXB4c3c0dEtrZ01ockdzbzVPT0xWREZVdzJZYXgwa0REaFJyeWExQzRxQkxDTTdDUA==
2020-11-15 23:33:29,467 INFO: QVFEaUc3VDBxMWphVjNYaEF4ZkxZWmNPVjNmMmZDVFlkemtOb2N1UV9rNnMwaldDT2VoWU9hUkR1RGE2bmtnUm15MG5Ddmlya25oWU5GcEIyYzM4YnhGUg==
2020-11-15 23:33:35,650 INFO: QVFETks3T2Y1dk9BQmgxYXI0a2tGOG9wWWp5R2h5a01BWm9nMjI3WEZ3WmtXQk9LeFRlaWR1SGNyeEN6UjJVbkZ0dkNpRXQtYkR6Ri1UMlNhR3Y5YWlJeg==
2020-11-15 23:33:40,799 INFO: QVFDc2owUmFRdm5VbUZCOXlkZTloMENuMXpNdElJSFBxal9TQVUwOVRVNjZ5SmdfR1ZQRE14M1VXdTlBVnZuVkVSeU9jSHRVVnJRRVRMcEZINWphN1ZwVQ==
2020-11-15 23:33:48,685 INFO: QVFEYVkyXzdYaGZGMmsyNVBOdDRaSVV3R2pnTmpVRzJrYUI5U2RTMmhldFN6QmdyVFVjUGp5dFEweU1lS2tLM19CWGpldjY1TXNvQWQ2bDBRNVJjVVJOVQ==
2020-11-15 23:33:54,000 INFO: QVFBeW82X09HU1lZZHZESDRsa1AzNnFVQjZkaUNyUUY5Ym5COTE1WWxoQjBsYkphdUJNcnBjUTJTRERJU3V1RVlGODFnM3lUd0VaWC1UZTExRDU3bllSbg==
2020-11-15 23:34:00,098 INFO: QVFCTTFKNXhObVZMck5kX1JSQzd4cjhFYU1MUndpZWkyUTlVTU1sNkdvMVRPLWNSQi1sZHYzbHY3X1ZYTlpOSFpLdVU5Zk5tSkVKXzZ6UkYyaTJjbENYTg==
2020-11-15 23:34:05,665 INFO: QVFEMmFGNEVCQTdrVTVCZDJjdm84Qm5zYnNEbW5hSWN4YXNrV0gwUk5rbTZqS2hDTmdHei1rWjRFMG9zSWt6eE83QkR4MU9FX3pxYzA4SjUxdG1EZVRFRQ==
2020-11-15 23:34:10,972 INFO: QVFBRU9sOHZGYjNSQ19TcWdQSzIyOUFkdjgtZW9paTluRFlKeWxUa0ZFczdwLXZnTmpKbFBVVzlRaDc4SEF1Si1WZW9OSlVIcjZnanhjVktDRkVWR0VmaA==
2020-11-15 23:34:17,207 INFO: QVFCN0Q1Z3ZIZjU4eVQ1eFlkaEM5TURhZ1NoSzBEdE5yNllrMUVkQjBPYXcya2Y4Q19POGV4STg3NjFUem9mZGRCVjN6WUpUUUs0UjZVTWRmbkxUNi1fZQ==
2020-11-15 23:34:23,558 INFO: QVFCRERlNlREdXBzSjV2VDZHQWVrckhOYlRQb1lMb2tBS2xralh0emd1bS1IY1RVTEpBTGI5d3AwZWdrYU9RUkJWZ3dBMVpxNEtiXy1iaU1KWlZQWkhHYw==
2020-11-15 23:34:28,799 INFO: QVFCS29rOXVVaEtCVjVqNk0xQlhoanhld0cxRlppRVhPZGJVSFB0clVCRXVEQWlUWVlOUDZ6SWRNWUZqc0xILTNaNVRESGVPZURsM1daVXppNktNOFExQQ==
2020-11-15 23:34:34,224 INFO: QVFEc2JkdUtMZDE3Y2hHdTB0LXo0TFpUNGZuRlRILTZFU1dySnBpeVNodlIyaTlhXy1fZkp1Tk5wV05kR3lUTllRN0Qzc3U3UTlyRkMtQzBDT05JYkhRZA==
2020-11-15 23:34:40,080 INFO: QVFEbG9Gb2RFSlR6ZlJ2WW0xelRtcTZJUU5YOHowY0lMUGpIVVh0eFFPN1NaUUhSYWNuNXZEWl9NMkxkVmdTRFNsb3daUC1ScVhGSllXdUtJWjdLZVdmVA==
2020-11-15 23:34:45,241 INFO: QVFBR081TThNM1A1bGozZ1BUbWpTRWxwSXVtUDBJa3VyOFNodklHUzB3a1l3R1NoWFJuVTJMY2VEa0RiMVdMV0J6NFVSbWNuOEVTN3Qwcmh6Z01oeEpyWg==
2020-11-15 23:34:51,601 INFO: QVFDa0pBMTd1ekIwQTF4VXlPbnpoLXVpNlJXUmJVY3ZIVEc2UFp2LXpEYnBYeFUyZ0NYLVNGNlZvTG9GQXFWLXJDZWRscWdwMVlxWnd3ZkU4eV9zVVo0aA==
2020-11-15 23:34:58,198 INFO: QVFBeUtfWkR6ZmVqQkRadDdndnFrWHV3RDdlWlJicHVUaFJ2MWMybEhic0psbHNpWGZUZ2JYU1FjOHJ5UmhmZ3dmRzBma1VaY011Nm80STJiaGNydnlycg==
2020-11-15 23:35:03,589 INFO: QVFEVFR6Q2FoSnIzM3ZyZUgxZV9McDc5WDlxYWoxTGV3SkxIQzEwYzJjVGFvZFNlSnNqT3Ayc3J1cDVFZkIzZVYxc3ppOExWWXNicDA2NjVBRndya3NSbQ==
2020-11-15 23:35:09,151 INFO: QVFEODBOblZQTGRLR0g3d0NyZUh6WmhLdU0wV3hMcGRyZjN0WVVDOW0yMTdveHBseDQycTM1MFlTUlpueFk1TXh2eEQyb29DTHA0cVJDczhNcDRYNGpwRw==
2020-11-15 23:35:14,250 INFO: QVFDMlk0QTNYdlJoZG9RVWRFRnZmTEhlUHNMQ3FWd1c2a1ZTWHM3dFpYdk40Rk5PaDQ1WVo3ZllpMl9mMjE0TEtUaDh5aVlVcXZFRXJKS1pSNmZnd1FXVw==
2020-11-15 23:35:19,394 INFO: QVFDQzh4SUxhZDRFUk4wVHp0OGFWV2ZmNzVTbm5XM0FqS0g2SUdGLXdpYXdkYU01azlMMlNMOG9CLVFZcVktS0hqejV5cTlDcENZNHc1RzFJSkkxZ2huUQ==
2020-11-15 23:35:24,491 INFO: QVFBYkN6M1E3TXBtcVRLcnpORlNtbW9mMGlBVWljOHV3R1NfdTdtdlM1NEUybHZDaHNsS2p5M1hoR3NEYXBwclMxM0w4VENKTHdTMDAwcGJZX3dmVW9oMQ==
2020-11-15 23:35:29,993 INFO: QVFCQlZFNmRuOEdtQkt4LTJ2UFNsSjEwb1phU2tyMFRlY1BKcVRoZEJJY0wzVDZuUUdiUE9IODdUNFctZFd5cWNZM2dHZXRnY2xQMEFhaVBGOWZ5bGY2LQ==
2020-11-15 23:35:36,475 INFO: QVFEdmVrQzI0SlFKZWlhWEVYdFotbmJTLXhZNm92X1BFZWJkM3NReWl2YmExTW9XN2cwWENmdXdDZ2lrc1ZnOXk3eW1ySjUtZlMzYkdiazhWVW9xYjlDZg==
2020-11-15 23:35:42,401 INFO: QVFEM2s5WUxBelVxUmdfQmhnbW5RNXQ4MWtPVTY5UjYzUW40UjJ5a3JiZkpJZ1RYbmMxRkM1S3dfandkbVE0WGxGeW54TGJ2d25DZ1VxR0x0TmloSXllMw==
2020-11-15 23:35:48,130 INFO: QVFDdzBLcHBwckNpVUxCSjRLamlXRHdQaGtQOTFQUWY5alMwVWdMWWNhWGxlZUVwWU9SV0hhR2wwUWFuQnZYb3hXTTJzV05kNnl6T0tiSzR0TXQtNHRoUg==
2020-11-15 23:35:53,647 INFO: QVFEMTE2bkxIWmozOHdZbDM2R1g4T0cxWE81XzFsdFZZZWhlOGhDeTd4X0tnSEJsWllxVHA3dEJ3T2E5a0RZWDZOZTdpYkszVm41cHpEaTVyUGRMd0NkSA==
2020-11-15 23:35:59,115 INFO: QVFDZnVpX2xfSWw4SWl3NXdzUnRpRkxtbUJjcC1ENVlEWnMweHVaVG42R1BaVFBVZEZEbWxXc3U5OVMyYTlSYUJnNFZZV0JNVmJUNmNpOHR1akR0UnFRLQ==
2020-11-15 23:36:05,095 INFO: QVFBZFdIYzdBeTA3ZjR4bXdfSWQ5OFEzak9VRlFqTVNnZ3ZleGdNck00QVUwM3cxZFF3VVpZenhOSlItUk83VUl2eTU0MkpPMHFvblBEdnNkRUxjbEZOUw==
2020-11-15 23:36:12,547 INFO: QVFCTXVLcEM4ZURJS1FIYVluTzdkbHNnSUJQM21EQUZRb1JhaXJnUW05RzBGQWNwYlhLbExvbmlzRm1VNkxXc2hPZm44R1NTWWV4cUZReTRsbDlUZE9Lbg==
2020-11-15 23:36:17,634 INFO: QVFBWUtqb1pIeDdxbUg0aTlVQVU1a244SUh4Q04yRHpYX1NXQ2kwLU94bmh1R0VmRlN5X21mWHFxdzJuTi1xWURMWC1KN3lHaUZIa3diRGFsOElQTk9RVA==
2020-11-15 23:36:22,797 INFO: QVFDYmlKcmpVMnNVUzQxZmptNi02azEteEo1VC1fOUJheUxGWk9LTmlPMzZvUDRrWTNoUnZMZGd5R2VtZ3A5RjVrV2ZXZV9XcjlreTE1eHhzSVFYLVBibQ==
2020-11-15 23:36:28,371 INFO: QVFEYlFwU2Zpc2FuZm1LbTZiekswc2tUaS02U2tjMDN6N0YyMW9JbXdQcThhQ0hVa1lxcEFyVlU1dXp3d0ZXZHJFUG9HaVdlT3RCUHZTR0c0d2k5NEVuSg==
2020-11-15 23:36:33,514 INFO: QVFBUDM4dEtLXzNhY2VpUXF0MFZPcVlYQ0N0Mjg4RGY1SnNjMmRuRFZVYkgtdHp2OVBLSzRud1QyQ2xCZXpqZzdxY3dvc0h1d2V4NE8tTGtYWVpMVjd5aw==
2020-11-15 23:36:41,082 INFO: QVFCR0M5c2NndTlUbTl4X3pzRHI2dUFaV0pva09VY3ZkMGFCbHlDbk5kYllBZTdiNXVjNUhCX0JYRk9RaVBpNmNvcjhYZnJicm5fZ212RGJuRlBGQ2s5Qg==
2020-11-15 23:36:47,239 INFO: QVFDQndueUhKX043XzNiUVZjNm9nbjhwWXo0X01EVTVoRElWUGdTR1hmdTZLbG1OT213WUJGQWtDM051WUNTMEVja282cHpiNTdoMlozYUhlaE9YUnFwRg==
2020-11-15 23:36:54,172 INFO: QVFDWkd1WUpOeU1LMVIwVHo5dG9NVkdXTmpsdEIyaTcwWFR3MVE4YjZwNVc4RHpXR1laT0dCRnJnZ1phQWZzSm9ibjVzcHk5VThYY1lsVkJuR0JZYTBGRw==
2020-11-15 23:37:00,242 INFO: QVFEbWU1YlBMV2EyVE5KU1lSQWJwV2NsOGdqZUs1dmNVSjF0Ui1GZFpmY3N4OC1QWm1FamJ4QVpwX1RrTDV3VjFnV3daYnRJQ3dybzU4YmxwdzNJcW5FOA==
2020-11-15 23:37:06,602 INFO: QVFCVTU3SnVQa1lCMlV6Nnk3QVNBMmduU01tRkkwU2lnWEZ2SW9MckFKTFR3MjhZVF9aNjB5WHRvYmRPT1RhOFk2T0FyYmRTQmtwRHRPWFBtUmdCUWdtbQ==
2020-11-15 23:37:14,034 INFO: QVFBZDhJWk1IN3pGY3ZDS0ltQ0otbV9kWFREazBDMmFwQXc5Wlc4OHZvbk5BQllJM0Jnc2g0YmlLckl0M2xwLWxjYjVSOUZPeFJ5YkxqVWt0a1dtOU9rWQ==
2020-11-15 23:37:19,793 INFO: QVFDVy15OFBxTndVZG90QjVaN2NQakV6WVNtaERjLUZtSnV0WnFLTEl1enlZM1NFc2hXTkxFQ01pLVUxMGQ2VmloaUtJYVFSVnJ1dmUtdVpYQmdmaHltdQ==
2020-11-15 23:37:25,795 INFO: QVFCNmFPV1ZlTTJIckdsWHNLckM2aXk3dTdwamNfT01IOXlVT3JSdGZQRFhPd2t1TDVBUVZyWWlhYkx3cnJwU3U0MGhxNnZSSnpzejB4aFRqRG1EOG9kMQ==
2020-11-15 23:37:31,944 INFO: QVFDVlA2Zm5jN0xpMzhhZlJ1dnZjdmExamdpUWtzR1RJekxSQ3VlNmlvY0lyRlNZbk4wMW5qUTFJckVEeUdxRHhETzRFQnlDSS00ei1aY2thak1mbVlyTQ==
2020-11-15 23:37:38,211 INFO: QVFENDloYlcxVDFDU0lXN2RTSUo0dmxKc2NMQ3BFaVhIQTJnZ0Q0VW9kWmtmVzRvUkNnczFsczRIS3lUMUdGY2ZNdGdXNGM2Z3RXSUFhemFxZ29kX0RVdw==
2020-11-15 23:37:44,283 INFO: QVFEUldpdFB1OGptV2RELVY1U0E2VHRqQjVuamY5MDlnYjZvMWppd1EyLVF5SlhaR29DTnZVc1B5ZW04YWpXOThkcVE0enI2TjBNOTVKMkVodktBZUVhWQ==
2020-11-15 23:37:50,637 INFO: QVFCUXFjc3B3YUZtWE9DY3ltRExKSVJCLWZhNDB4TDMydFZlRWtKZ1FWcGt6ZjZSYk1YT0NWWlpQa01WRUJkYUpQWExITHZ5Y2hrSXA3ZWxFZTk3QlpKZw==
2020-11-15 23:37:56,601 INFO: QVFDaW5PT3ZfN1I2SmFlbWJEZjhPUUExWXU4NjBhVjloVzdBWGFyTjhsNXZoaElLUFlKUThUQ0JGcTJIR3UzdE5sMExQY282emRCSWM1ZG5MbUVhWmNRbA==
2020-11-15 23:38:02,520 INFO: QVFESmtzenZqeV82ZUUxSkpjT0tuZmlVNVQwZElGNjNNdlpqdlVMQm5BU1B5SmVYekEzOEVmdV91cXpZMllhTFpMTG5FY3d6dHNRaG9FUk1vX2xldzVKOA==
2020-11-15 23:38:08,069 INFO: QVFEcDNzZklLOGFJcElQdFMzS2ZUdWRNRHpEczQ3dzVaSUdBR2tGM05HcFZpTEFFSjViZUpQTF9XQmJhU2VSZUdGM21MQ0ZManR2bU5wLVJNOXhNX210ZA==
2020-11-15 23:38:14,615 INFO: QVFCVkh0RkdBV0ZodDFzcF9BM3lHbGdob0R4V2JodVI0dXJva0V0Y2t2X3l6bXRIaWhzYzdPR3ZoVHVoUWZEb0lMVzJBOUdjcTkzbzNfd21FTDhMVFNVcw==
2020-11-15 23:38:19,735 INFO: QVFCMUVsZy1FVXhDZmhlYUUzOXZZeVhienBwY2l0cWdwc3pNMXVDNnVPMVg3RlhCTjVRajJUeXlPTi1SUTFCM3NOczlQY2s3N2JOeG5nb3R2dFBCZDdVRg==
2020-11-15 23:38:26,062 INFO: QVFBVXJKSGUxay1DZm1sQ0c2WkVQNE9SQzg3UzMxTU1VaWdQT0pHTG9UbmdwZGo1bTQ0emRac0NadXZfTVZNUFlDLXlFZGhibVhLcHNEZHdsNlR6QVVhNA==
2020-11-15 23:38:32,603 INFO: QVFEQXRMN3dVazU4bWhLWFhpbFh1dkR1cF9UY1VoU3RYbmZOS2daZHlyQklSVkpoRFFaR1FnT05VRzBJb0pudHFDSmFtei1oX0RuNWNkT1Q4eDlwT0I1Vg==
2020-11-15 23:38:39,074 INFO: QVFENlJXbjk3RGtuWUdPSUhIQlFDNUZ0MFp0TVJTbzluTjNMV211VVowNzJReVdNcWxuRGdNS2R2LVh2enlvVEEwRlFWeHJNNzJjRlBMRHdYeHUzOTNHVw==
2020-11-15 23:38:44,835 INFO: QVFBcUMtZU01WG1zNDVzNlJOQ04zd1hjcU5TeGg5UlhyMGxELWxkb3NON1E0Q2paS0dRRXV3UGhPMzNfdmh3NVVHVWJEcFZfZ1hrckNOQ2YwMy1yRzVCZA==
2020-11-15 23:38:51,571 INFO: QVFBQ3ZXd2diWEdjc0F4SjNlMmJxT19tWVJ0amo0dndrdXpXRGwzVWhORE1iczRrMDVuYUJGZjNYZG9hcmlwdXl6VmVjWFB4UjM2RW00OXN5V0ozVTFxdg==
2020-11-15 23:38:56,977 INFO: QVFCUjFHalV4bE1iU1lXQ1ZPaXAwZ05KSS1RdkN2MUlUNHZsRXNGWEg5RlVaYW40WGR4WFdZanFBSTRMd3VMR3pWellJY3lMM0VUR3FrV0h2SjZSVF9zaw==
2020-11-15 23:39:02,730 INFO: QVFEclhPeHFTb3hpX1VUd1pGWTRseU9zWnhxT1hqel96MVdncWs2TUNqbU56dXEzWlZKalplN19PMlphMnVaNkFMeUxjaHYtS2szT185Q3doRjlUSFU2ag==
2020-11-15 23:39:08,015 INFO: QVFEWVFYZ2V3TW1yUGVtUDZmNHg3enF5c0xGbFNaVzVQcWs5QlJBWW1NRU9VNlhMRDluTkFoWkd0NHF4c1M2Z3FtYktIclRzMzVaV2YwQ3NEZlJpUS1jZQ==
2020-11-15 23:39:13,710 INFO: QVFCM0NDSXdGU2ZZZ3llSlA4SVhoM1JoODN0NTBON2Y2ek4yMEJyOGdUWlB6MGx6SXRqTEQ2a2VXNFFKVTJKeUcyODJUNU91ZGg1c3EzZjJxdExZRnFXNA==
2020-11-15 23:39:21,937 INFO: QVFEenpEV2NlVEZ5REFxNmNQV2g1WHlkaDkxRG1LMUdzVERBSk50dlVzQTNuZ255Tm9ERll5b0hTWHRRZmFpdWdCWDJGNHQxblZxM2tSYlFjVGJrRTFKRQ==
2020-11-15 23:39:28,393 INFO: QVFBa1N0VmdIVFczYUF1dFBBMGxFNExDemZFZGxOWjhOYlVEN0thLXViT1Q5NG1NaFhpa0VVVV9HRl8tU2lRc0FVeFJZb3BPVFpDVkNPX3dkRzRneW1DZw==
2020-11-15 23:39:34,304 INFO: QVFEcm5BajZTczQybkhvY05sRGlRWno1UGtPLTJuY25lU0hQZTdJN2c3blVyX2I4dGZsQkM0LV9YYWpWeWxNa2tvXzJXRTRpMER6T29lZWp6TG5CNVlkRQ==
2020-11-15 23:39:39,916 INFO: QVFDalFuQkxXQnp3Z0FqbGNESXpKM3NOc3dmUy1KZmtfVFRHU252X2JNamJLM3NOYVk2NjB1U0tLTEN5NkNMbE9ZSUFfTVR1UkxDM3F1a01hUjVQZ2FnRQ==
2020-11-15 23:39:51,601 INFO: QVFDWVBhc25vX1JKbXpBRFNoMF9VZU1OYUJ0MnZHYmVpVnNWVzJMem5qQjlJc0FKbGdybEdvTmJvOXJBV1Zwa2Z0LUxUaktYV19TdGpjS1RNcDFUSVZRdA==
2020-11-15 23:39:57,694 INFO: QVFENEdyN0NJRXM3bHkzRkwxM05NZTdSSG9mWXhYTjhXbU9sdDFPZzJSMFNMREx2ejcwODloamJtWkN4OUVUcm9Tb2JqVnh1TkxBRFJ1WEhpYks0VXhnZA==
2020-11-15 23:40:04,354 INFO: QVFCa19vdDNsSkhXb2FfNGVNMXlzX2pTaXhqLVQ5ZmdDRHRjaF9wLXZKX29EMy1RanEzajM2RkFqRl9fTWVmT1Q0eG40RmUwVk9uTzZWVWd6RlpidXVRQw==
2020-11-15 23:40:09,659 ERROR: ('Connection aborted.', OSError(0, 'Error'))
Traceback (most recent call last):
  File "C:\Users\86188\AppData\Local\Programs\Python\Python37\lib\site-packages\urllib3\connectionpool.py", line 677, in urlopen
    chunked=chunked,
  File "C:\Users\86188\AppData\Local\Programs\Python\Python37\lib\site-packages\urllib3\connectionpool.py", line 381, in _make_request
    self._validate_conn(conn)
  File "C:\Users\86188\AppData\Local\Programs\Python\Python37\lib\site-packages\urllib3\connectionpool.py", line 976, in _validate_conn
    conn.connect()
  File "C:\Users\86188\AppData\Local\Programs\Python\Python37\lib\site-packages\urllib3\connection.py", line 370, in connect
    ssl_context=context,
  File "C:\Users\86188\AppData\Local\Programs\Python\Python37\lib\site-packages\urllib3\util\ssl_.py", line 377, in ssl_wrap_socket
    return context.wrap_socket(sock, server_hostname=server_hostname)
  File "C:\Users\86188\AppData\Local\Programs\Python\Python37\lib\ssl.py", line 423, in wrap_socket
    session=session
  File "C:\Users\86188\AppData\Local\Programs\Python\Python37\lib\ssl.py", line 870, in _create
    self.do_handshake()
  File "C:\Users\86188\AppData\Local\Programs\Python\Python37\lib\ssl.py", line 1139, in do_handshake
    self._sslobj.do_handshake()
OSError: [Errno 0] Error

During handling of the above exception, another exception occurred:

Traceback (most recent call last):
  File "C:\Users\86188\AppData\Local\Programs\Python\Python37\lib\site-packages\requests\adapters.py", line 449, in send
    timeout=timeout
  File "C:\Users\86188\AppData\Local\Programs\Python\Python37\lib\site-packages\urllib3\connectionpool.py", line 725, in urlopen
    method, url, error=e, _pool=self, _stacktrace=sys.exc_info()[2]
  File "C:\Users\86188\AppData\Local\Programs\Python\Python37\lib\site-packages\urllib3\util\retry.py", line 403, in increment
    raise six.reraise(type(error), error, _stacktrace)
  File "C:\Users\86188\AppData\Local\Programs\Python\Python37\lib\site-packages\urllib3\packages\six.py", line 734, in reraise
    raise value.with_traceback(tb)
  File "C:\Users\86188\AppData\Local\Programs\Python\Python37\lib\site-packages\urllib3\connectionpool.py", line 677, in urlopen
    chunked=chunked,
  File "C:\Users\86188\AppData\Local\Programs\Python\Python37\lib\site-packages\urllib3\connectionpool.py", line 381, in _make_request
    self._validate_conn(conn)
  File "C:\Users\86188\AppData\Local\Programs\Python\Python37\lib\site-packages\urllib3\connectionpool.py", line 976, in _validate_conn
    conn.connect()
  File "C:\Users\86188\AppData\Local\Programs\Python\Python37\lib\site-packages\urllib3\connection.py", line 370, in connect
    ssl_context=context,
  File "C:\Users\86188\AppData\Local\Programs\Python\Python37\lib\site-packages\urllib3\util\ssl_.py", line 377, in ssl_wrap_socket
    return context.wrap_socket(sock, server_hostname=server_hostname)
  File "C:\Users\86188\AppData\Local\Programs\Python\Python37\lib\ssl.py", line 423, in wrap_socket
    session=session
  File "C:\Users\86188\AppData\Local\Programs\Python\Python37\lib\ssl.py", line 870, in _create
    self.do_handshake()
  File "C:\Users\86188\AppData\Local\Programs\Python\Python37\lib\ssl.py", line 1139, in do_handshake
    self._sslobj.do_handshake()
urllib3.exceptions.ProtocolError: ('Connection aborted.', OSError(0, 'Error'))

During handling of the above exception, another exception occurred:

Traceback (most recent call last):
  File "D:/Project/for_sissie/instagram/instagram.py", line 91, in <module>
    res = ins.get_response(end_cursor=cursor)
  File "D:/Project/for_sissie/instagram/instagram.py", line 60, in get_response
    response = requests.get(BASE_URL, params=params, headers=self.headers)
  File "C:\Users\86188\AppData\Local\Programs\Python\Python37\lib\site-packages\requests\api.py", line 76, in get
    return request('get', url, params=params, **kwargs)
  File "C:\Users\86188\AppData\Local\Programs\Python\Python37\lib\site-packages\requests\api.py", line 61, in request
    return session.request(method=method, url=url, **kwargs)
  File "C:\Users\86188\AppData\Local\Programs\Python\Python37\lib\site-packages\requests\sessions.py", line 542, in request
    resp = self.send(prep, **send_kwargs)
  File "C:\Users\86188\AppData\Local\Programs\Python\Python37\lib\site-packages\requests\sessions.py", line 655, in send
    r = adapter.send(request, **kwargs)
  File "C:\Users\86188\AppData\Local\Programs\Python\Python37\lib\site-packages\requests\adapters.py", line 498, in send
    raise ConnectionError(err, request=request)
requests.exceptions.ConnectionError: ('Connection aborted.', OSError(0, 'Error'))
2020-11-15 23:40:12,860 INFO: QVFENWgtbk4wY2d6ZHBPVHYtOEZib2U4TkNWTThnbzE4UndCOC02dGVaS09PQ0FSM2x6Z1o5NGhHam13WWw3Q2tPM3ZaTmJnUldfRVJYbTlnRGdxY0x5dA==
2020-11-15 23:40:18,289 INFO: QVFEV0tIM3c3ZnpLVzJySzgyYlo2WXp5dlRTR1ROZUNCa2c1VHpUMkNhdXZOLUpYcG9fQWNoZEdJbWs5QnVvUDJ5Z1RjV0tTYTlUYjBVOGFrTmRkNnNQMg==
2020-11-15 23:40:24,295 INFO: QVFDUm1GeV91c2dfWkNncnMyZ18wTUs4VVVCQVFsYm9iUzRJcldEdlhWRnVreFV3VEZaUTFLTS1lcklGOXVKTlJ1bzJQeXpqOGc1aklpektYbF9YWHFlag==
2020-11-15 23:40:30,755 INFO: QVFCdXhsY1B4V29jalZEX2VSX0lPNkoyWlRTTzZzNjBIS25pUDMyaWpIWXI0Rl9wYXJWRlJlb1RfQVBTeGFoQzkzZlVHLWJWWGJjb0NnQVM4RXF4MHFaXw==
2020-11-15 23:40:36,412 INFO: QVFCbkxrQlhkNFZPeUZkY3RtMHdnUzhzLVBIZVlVNHdEMVEzNERXNzlOVElpM1Z2Z2hFZlpSZldSWTAtV2xkdVBqSzFJb0QwRDdLbmRDdU1IV2pBOGxMSw==
2020-11-15 23:40:41,586 INFO: QVFCUlVuTkJ3UzhVeExKdTNqX0NJRnZSLXlpV2l1QWFEblFSUmU3SHdVUHkwajJwc1FVVTEtRzVLZ1V1M215TGpWbFdxWWJ4a3ZJNVg1YWJldmN3cE5UNg==
2020-11-15 23:40:47,390 INFO: QVFBU0FsZ0IyWGdhNERyTUowellDbHI5Y2hhSS1GUmlrWlhyUEtVT2syNVdFSjZVLXR6U2pYbm5GSXBsdFJoQjZRa1EwTmVwdWVBNFFRUG9iTVBGLWhqNA==
2020-11-15 23:40:52,390 INFO: QVFET1NxYzdZeEpPUEFlcUdHT0lNQzVuMUcySWZQaVBURkVIdnl2Z3oxTjlpMDYtdVVPZUdJNXFBcGxta2tWb1BvVkd3ZXBscS1OTUsycXlXS0pHc1lZcQ==
2020-11-15 23:40:57,876 INFO: QVFEcVppSHktQ3RmQXF1SkE1YWpROHFINURYeFJBdkw0VzRXRHU0UGVhNGJhbEI5Y3FmTGdCZXhvSGk1Zm1Cd3E2N2J6SUhCZWlxaWI3Sk11Y1ppLTVvQg==
2020-11-15 23:41:04,629 INFO: QVFDaF93bFF3M2tvSUI2eUVQTEVOWllXZi1qWnlwZkZGSDJINzdDdmRCX0Jqc2RrcWdKaERhbXpRT0lXaUhvQTJUTC01VEt6cloyQ3RuMWVGNEhXTGdWYg==
2020-11-15 23:41:11,616 INFO: QVFCNzYwcTZuOG5FSHp3VFplVEZBc0FmaFdpRmxCYzZuSjlxM210REZsSmRLa1l0amFqZEstX0hVSkppckpLdS1kUTRqeF9zNW93TzdaUFM1WTdNRDBxNQ==
2020-11-15 23:41:17,958 INFO: QVFDTTZIZG9pWFNjUFk4VmxfcnN6ZXdyNkRoT3hyb0FIX0xaenBXa2Qxdk9rbVZHRmM3VjMxOVBwQ1Zra012RldKTEVYd3p3dkUyaUk4Z1NETk9pR1RwOA==
2020-11-15 23:41:23,180 INFO: QVFBbU9Ib2Q5RGdmNDJiZ1JIU0NsYmU0SW5NUmRNQzVpLTM3d0hmeVgtaXNkVzNteDBxYS1UeExkd1FUSmRUV1hvRnFGVUZwWXhRTncxVk5CTVZtdGFDaA==
2020-11-15 23:41:28,763 INFO: QVFDQzZnWjEyRG1pWklya1NTNUZadTlFOWxwNmhuV0RVdVhiNkNNZUl5ZmUwX1FncFg3XzVsbWY5a1E4MVh2WV9FZWo2aVdTcWZjeGVnQ0RxR1hhYjY3Wg==
2020-11-15 23:41:33,818 INFO: QVFDb1A4TFhkN2FxaXZwRWpQMURIdFQyR3h3VkxreWhaY2xrRjNoQnB1cUlXbFBDMVFuWXNaUXdQNUN4MWNaem9EQWt5c1Q4YnhYWXhybXJFMjlDZktzWQ==
2020-11-15 23:41:40,879 INFO: QVFDZHFwXzY3OU1YSTNrcHJXLURnaEM1dVBfMmY4N3otWGpxbllpbFpmQUxlcjFJN1lEZ0FfVmN4bXFMbHpKRTdndmdPUzZsSEV1d2w5bWhnTkFhM2s0bQ==
2020-11-15 23:41:47,195 INFO: QVFDZmdQNEJULThVV2ZRWXhJOWlkNEFwNDJWdTMxbW9BSjVqN21Oa3hwSWJRWWNaYXl3MXNGVHVuMGJMNEZrZnU0WVg4TW54NWUtWTFrZ3JXMnE0aC1uUw==
2020-11-15 23:41:52,964 INFO: QVFDVE5taW1jRlpCZ1lNWHlUSHNRX2tzd0pWOHZlTkxqQXR1S1ExbG44UjlES3FoZWdBdTdnb3d2Q0xqeVF3a2ktUHlza1RqeV91UHdXeXhiX3pwNkxtUg==
2020-11-15 23:41:58,177 INFO: QVFBZmVXRnI2Wm1QX3kxem5uaUZ3bkNHdktmZVBiUERTa0h2Vjc0X0ZiNWVReUtneF9adHc4OHl1ZWZaeTRpb2lIMlhWcXhobFZ6QmdDMkJ2dUVzOFAzaw==
2020-11-15 23:42:04,343 INFO: QVFEQVlWOVdnWnZQMlBORHRpdXdFR0JKTGFkYUtqbWg1c2RKeXpQN3BWY3hYeTdpOUlKVGczdERzdGdCNTU3Q2dhbnFEek00dzEwWlZtRC1fbU9fT3RVRg==
2020-11-15 23:42:09,725 INFO: QVFBR3pYcVFZN3V3STh5MDFRS01wOUU3RDNONFpGR1ItNFpVU2RGWV9mZTFxSXprMVRIOTNoTjRlRGVkcTNFM195V2VIUzJiSEkwYUhmTWoxUHNMMlNadA==
2020-11-15 23:42:15,863 INFO: QVFCbU10SjUyUmpJakRQTElrdURINTd4QzRnMFJIWjhBUXVuR0xmdGFLTTBYc0NuMjNWY25XaVhrc1VDTHB5cDJfOXJNbWEwUjBpWldSMV9TeUNWQV9ybg==
2020-11-15 23:42:22,045 INFO: QVFDSVlDdXNhbTRiX2NneUFSWHZWVktKRG1vQ0kyMlZfQ3I2TmlIZHlTVjkwZ1ZwSko5d2NfaXBBNUdXSG0yRkxBT2ZOWW1PS092YXVidmxaRkNiMTAxMw==
2020-11-18 22:38:42,382 WARNING: Certificate did not match expected hostname: www.instagram.com. Certificate: {'subject': ((('countryName', 'US'),), (('stateOrProvinceName', 'California'),), (('localityName', 'Menlo Park'),), (('organizationName', 'Facebook, Inc.'),), (('commonName', '*.facebook.com'),)), 'issuer': ((('countryName', 'US'),), (('organizationName', 'DigiCert Inc'),), (('organizationalUnitName', 'www.digicert.com'),), (('commonName', 'DigiCert SHA2 High Assurance Server CA'),)), 'version': 3, 'serialNumber': '0AA94B5AFA70A370979AC50647EFAC9C', 'notBefore': 'Nov  2 00:00:00 2020 GMT', 'notAfter': 'Jan 30 23:59:59 2021 GMT', 'subjectAltName': (('DNS', '*.facebook.com'), ('DNS', '*.facebook.net'), ('DNS', '*.fbcdn.net'), ('DNS', '*.fbsbx.com'), ('DNS', '*.m.facebook.com'), ('DNS', '*.messenger.com'), ('DNS', '*.xx.fbcdn.net'), ('DNS', '*.xy.fbcdn.net'), ('DNS', '*.xz.fbcdn.net'), ('DNS', 'facebook.com'), ('DNS', 'messenger.com')), 'OCSP': ('http://ocsp.digicert.com',), 'caIssuers': ('http://cacerts.digicert.com/DigiCertSHA2HighAssuranceServerCA.crt',), 'crlDistributionPoints': ('http://crl3.digicert.com/sha2-ha-server-g6.crl', 'http://crl4.digicert.com/sha2-ha-server-g6.crl')}
